<?xml version="1.0" encoding="UTF-8"?>
<Site BuildName="Linux-g++"
	BuildStamp="20231115-0100-Experimental"
	Name="pop-os"
	Generator="ctest-3.22.6"
	CompilerName="/usr/bin/g++"
	CompilerVersion=""
	OSName="Linux"
	Hostname="pop-os"
	OSRelease="6.5.6-76060506-generic"
	OSVersion="#202310061235~1697396945~22.04~9283e32 SMP PREEMPT_DYNAMIC Sun O"
	OSPlatform="x86_64"
	Is64Bits="1"
	VendorString="GenuineIntel"
	VendorID="Intel Corporation"
	FamilyID="6"
	ModelID="141"
	ProcessorCacheSize="24576"
	NumberOfLogicalCPU="16"
	NumberOfPhysicalCPU="8"
	TotalVirtualMemory="20479"
	TotalPhysicalMemory="64022"
	LogicalProcessorsPerPhysical="2"
	ProcessorClockFrequency="4291.5"
	>
	<Testing>
		<StartDateTime>Nov 14 19:00 CST</StartDateTime>
		<StartTestTime>1700010034</StartTestTime>
		<TestList/>
		<EndDateTime>Nov 14 19:00 CST</EndDateTime>
		<EndTestTime>1700010034</EndTestTime>
		<ElapsedMinutes>0</ElapsedMinutes>
	</Testing>
</Site>
